# JRE version: Java(TM) SE Runtime Environment (20.0+36) (build 20+36-2344)
# Java VM: Java HotSpot(TM) 64-Bit Server VM (20+36-2344, mixed mode, sharing, tiered, compressed oops, compressed class ptrs, g1 gc, windows-amd64)
GC Precious Log:
 CardTable entry size: 512
 Card Set container configuration: InlinePtr #cards 5 size 8 Array Of Cards #cards 12 size 40 Howl #buckets 4 coarsen threshold 1843 Howl Bitmap #cards 512 size 80 coarsen threshold 460 Card regions per heap region 1 cards per card region 2048
 CPUs: 8 total, 8 available
 Memory: 8016M
 Large Page Support: Disabled
 NUMA Support: Disabled
 Compressed Oops: Enabled (32-bit)
 Heap Region Size: 1M
 Heap Min Capacity: 8M
 Heap Initial Capacity: 8M
 Heap Max Capacity: 2006M
 Pre-touch: Disabled
 Parallel Workers: 8
 Concurrent Workers: 2
 Concurrent Refinement Workers: 8
 Periodic GC: Disabled
Heap:
 garbage-first heap   total 16384K, used 10298K [0x0000000082a00000, 0x0000000100000000)
  region size 1024K, 6 young (6144K), 1 survivors (1024K)
 Metaspace       used 9308K, committed 9408K, reserved 1114112K
  class space    used 1031K, committed 1088K, reserved 1048576K
GC Heap History (20 events):
Event: 0.302 GC heap before
{Heap before GC invocations=2 (full 0):
 garbage-first heap   total 8192K, used 2896K [0x0000000082a00000, 0x0000000100000000)
  region size 1024K, 2 young (2048K), 1 survivors (1024K)
 Metaspace       used 6480K, committed 6656K, reserved 1114112K
  class space    used 759K, committed 832K, reserved 1048576K
}
Event: 0.303 GC heap after
{Heap after GC invocations=3 (full 0):
 garbage-first heap   total 8192K, used 2273K [0x0000000082a00000, 0x0000000100000000)
  region size 1024K, 1 young (1024K), 1 survivors (1024K)
 Metaspace       used 6480K, committed 6656K, reserved 1114112K
  class space    used 759K, committed 832K, reserved 1048576K
}
Event: 0.368 GC heap before
{Heap before GC invocations=3 (full 0):
 garbage-first heap   total 8192K, used 3297K [0x0000000082a00000, 0x0000000100000000)
  region size 1024K, 2 young (2048K), 1 survivors (1024K)
 Metaspace       used 7717K, committed 7936K, reserved 1114112K
  class space    used 865K, committed 960K, reserved 1048576K
}
Event: 0.369 GC heap after
{Heap after GC invocations=4 (full 0):
 garbage-first heap   total 8192K, used 2629K [0x0000000082a00000, 0x0000000100000000)
  region size 1024K, 1 young (1024K), 1 survivors (1024K)
 Metaspace       used 7717K, committed 7936K, reserved 1114112K
  class space    used 865K, committed 960K, reserved 1048576K
}
Event: 0.397 GC heap before
{Heap before GC invocations=4 (full 0):
 garbage-first heap   total 8192K, used 3653K [0x0000000082a00000, 0x0000000100000000)
  region size 1024K, 2 young (2048K), 1 survivors (1024K)
 Metaspace       used 7870K, committed 8000K, reserved 1114112K
  class space    used 872K, committed 960K, reserved 1048576K
}
Event: 0.399 GC heap after
{Heap after GC invocations=5 (full 0):
 garbage-first heap   total 10240K, used 2930K [0x0000000082a00000, 0x0000000100000000)
  region size 1024K, 1 young (1024K), 1 survivors (1024K)
 Metaspace       used 7870K, committed 8000K, reserved 1114112K
  class space    used 872K, committed 960K, reserved 1048576K
}
Event: 0.459 GC heap before
{Heap before GC invocations=5 (full 0):
 garbage-first heap   total 10240K, used 4978K [0x0000000082a00000, 0x0000000100000000)
  region size 1024K, 3 young (3072K), 1 survivors (1024K)
 Metaspace       used 8263K, committed 8512K, reserved 1114112K
  class space    used 912K, committed 1024K, reserved 1048576K
}
Event: 0.461 GC heap after
{Heap after GC invocations=6 (full 0):
 garbage-first heap   total 10240K, used 3511K [0x0000000082a00000, 0x0000000100000000)
  region size 1024K, 1 young (1024K), 1 survivors (1024K)
 Metaspace       used 8263K, committed 8512K, reserved 1114112K
  class space    used 912K, committed 1024K, reserved 1048576K
}
Event: 0.523 GC heap before
{Heap before GC invocations=6 (full 0):
 garbage-first heap   total 10240K, used 5559K [0x0000000082a00000, 0x0000000100000000)
  region size 1024K, 3 young (3072K), 1 survivors (1024K)
 Metaspace       used 8794K, committed 8896K, reserved 1114112K
  class space    used 978K, committed 1024K, reserved 1048576K
}
Event: 0.526 GC heap after
{Heap after GC invocations=7 (full 0):
 garbage-first heap   total 10240K, used 4574K [0x0000000082a00000, 0x0000000100000000)
  region size 1024K, 1 young (1024K), 1 survivors (1024K)
 Metaspace       used 8794K, committed 8896K, reserved 1114112K
  class space    used 978K, committed 1024K, reserved 1048576K
}
Event: 0.558 GC heap before
{Heap before GC invocations=7 (full 0):
 garbage-first heap   total 10240K, used 6622K [0x0000000082a00000, 0x0000000100000000)
  region size 1024K, 3 young (3072K), 1 survivors (1024K)
 Metaspace       used 8997K, committed 9216K, reserved 1114112K
  class space    used 999K, committed 1088K, reserved 1048576K
}
Event: 0.561 GC heap after
{Heap after GC invocations=8 (full 0):
 garbage-first heap   total 10240K, used 5094K [0x0000000082a00000, 0x0000000100000000)
  region size 1024K, 1 young (1024K), 1 survivors (1024K)
 Metaspace       used 8997K, committed 9216K, reserved 1114112K
  class space    used 999K, committed 1088K, reserved 1048576K
}
Event: 0.566 GC heap before
{Heap before GC invocations=8 (full 0):
 garbage-first heap   total 10240K, used 6118K [0x0000000082a00000, 0x0000000100000000)
  region size 1024K, 2 young (2048K), 1 survivors (1024K)
 Metaspace       used 9011K, committed 9216K, reserved 1114112K
  class space    used 1000K, committed 1088K, reserved 1048576K
}
Event: 0.567 GC heap after
{Heap after GC invocations=9 (full 0):
 garbage-first heap   total 16384K, used 5055K [0x0000000082a00000, 0x0000000100000000)
  region size 1024K, 1 young (1024K), 1 survivors (1024K)
 Metaspace       used 9011K, committed 9216K, reserved 1114112K
  class space    used 1000K, committed 1088K, reserved 1048576K
}
Event: 0.619 GC heap before
{Heap before GC invocations=10 (full 0):
 garbage-first heap   total 16384K, used 10175K [0x0000000082a00000, 0x0000000100000000)
  region size 1024K, 6 young (6144K), 1 survivors (1024K)
 Metaspace       used 9182K, committed 9344K, reserved 1114112K
  class space    used 1017K, committed 1088K, reserved 1048576K
}
Event: 0.622 GC heap after
{Heap after GC invocations=11 (full 0):
 garbage-first heap   total 16384K, used 5733K [0x0000000082a00000, 0x0000000100000000)
  region size 1024K, 1 young (1024K), 1 survivors (1024K)
 Metaspace       used 9182K, committed 9344K, reserved 1114112K
  class space    used 1017K, committed 1088K, reserved 1048576K
}
Event: 0.633 GC heap before
{Heap before GC invocations=11 (full 0):
 garbage-first heap   total 16384K, used 10853K [0x0000000082a00000, 0x0000000100000000)
  region size 1024K, 6 young (6144K), 1 survivors (1024K)
 Metaspace       used 9186K, committed 9344K, reserved 1114112K
  class space    used 1017K, committed 1088K, reserved 1048576K
}
Event: 0.637 GC heap after
{Heap after GC invocations=12 (full 0):
 garbage-first heap   total 16384K, used 6443K [0x0000000082a00000, 0x0000000100000000)
  region size 1024K, 1 young (1024K), 1 survivors (1024K)
 Metaspace       used 9186K, committed 9344K, reserved 1114112K
  class space    used 1017K, committed 1088K, reserved 1048576K
}
Event: 0.648 GC heap before
{Heap before GC invocations=12 (full 0):
 garbage-first heap   total 16384K, used 11563K [0x0000000082a00000, 0x0000000100000000)
  region size 1024K, 6 young (6144K), 1 survivors (1024K)
 Metaspace       used 9187K, committed 9344K, reserved 1114112K
  class space    used 1017K, committed 1088K, reserved 1048576K
}
Event: 0.650 GC heap after
{Heap after GC invocations=13 (full 0):
 garbage-first heap   total 16384K, used 7226K [0x0000000082a00000, 0x0000000100000000)
  region size 1024K, 1 young (1024K), 1 survivors (1024K)
 Metaspace       used 9187K, committed 9344K, reserved 1114112K
  class space    used 1017K, committed 1088K, reserved 1048576K
}

