# JRE version: Java(TM) SE Runtime Environment (20.0+36) (build 20+36-2344)
# Java VM: Java HotSpot(TM) 64-Bit Server VM (20+36-2344, mixed mode, sharing, tiered, compressed oops, compressed class ptrs, g1 gc, windows-amd64)
GC Precious Log:
 CardTable entry size: 512
 Card Set container configuration: InlinePtr #cards 5 size 8 Array Of Cards #cards 12 size 40 Howl #buckets 4 coarsen threshold 1843 Howl Bitmap #cards 512 size 80 coarsen threshold 460 Card regions per heap region 1 cards per card region 2048
 CPUs: 8 total, 8 available
 Memory: 8016M
 Large Page Support: Disabled
 NUMA Support: Disabled
 Compressed Oops: Enabled (32-bit)
 Heap Region Size: 1M
 Heap Min Capacity: 8M
 Heap Initial Capacity: 8M
 Heap Max Capacity: 2006M
 Pre-touch: Disabled
 Parallel Workers: 8
 Concurrent Workers: 2
 Concurrent Refinement Workers: 8
 Periodic GC: Disabled
Heap:
 garbage-first heap   total 32768K, used 10688K [0x0000000082a00000, 0x0000000100000000)
  region size 1024K, 4 young (4096K), 1 survivors (1024K)
 Metaspace       used 9648K, committed 9856K, reserved 1114112K
  class space    used 1069K, committed 1152K, reserved 1048576K
GC Heap History (20 events):
Event: 0.365 GC heap before
{Heap before GC invocations=4 (full 0):
 garbage-first heap   total 8192K, used 3548K [0x0000000082a00000, 0x0000000100000000)
  region size 1024K, 2 young (2048K), 1 survivors (1024K)
 Metaspace       used 7864K, committed 8000K, reserved 1114112K
  class space    used 872K, committed 960K, reserved 1048576K
}
Event: 0.367 GC heap after
{Heap after GC invocations=5 (full 0):
 garbage-first heap   total 10240K, used 2868K [0x0000000082a00000, 0x0000000100000000)
  region size 1024K, 1 young (1024K), 1 survivors (1024K)
 Metaspace       used 7864K, committed 8000K, reserved 1114112K
  class space    used 872K, committed 960K, reserved 1048576K
}
Event: 0.429 GC heap before
{Heap before GC invocations=5 (full 0):
 garbage-first heap   total 10240K, used 4916K [0x0000000082a00000, 0x0000000100000000)
  region size 1024K, 3 young (3072K), 1 survivors (1024K)
 Metaspace       used 8248K, committed 8448K, reserved 1114112K
  class space    used 912K, committed 1024K, reserved 1048576K
}
Event: 0.431 GC heap after
{Heap after GC invocations=6 (full 0):
 garbage-first heap   total 10240K, used 3416K [0x0000000082a00000, 0x0000000100000000)
  region size 1024K, 1 young (1024K), 1 survivors (1024K)
 Metaspace       used 8248K, committed 8448K, reserved 1114112K
  class space    used 912K, committed 1024K, reserved 1048576K
}
Event: 0.498 GC heap before
{Heap before GC invocations=6 (full 0):
 garbage-first heap   total 10240K, used 5464K [0x0000000082a00000, 0x0000000100000000)
  region size 1024K, 3 young (3072K), 1 survivors (1024K)
 Metaspace       used 8789K, committed 8960K, reserved 1114112K
  class space    used 978K, committed 1024K, reserved 1048576K
}
Event: 0.502 GC heap after
{Heap after GC invocations=7 (full 0):
 garbage-first heap   total 10240K, used 4553K [0x0000000082a00000, 0x0000000100000000)
  region size 1024K, 1 young (1024K), 1 survivors (1024K)
 Metaspace       used 8789K, committed 8960K, reserved 1114112K
  class space    used 978K, committed 1024K, reserved 1048576K
}
Event: 0.536 GC heap before
{Heap before GC invocations=7 (full 0):
 garbage-first heap   total 10240K, used 6601K [0x0000000082a00000, 0x0000000100000000)
  region size 1024K, 3 young (3072K), 1 survivors (1024K)
 Metaspace       used 8990K, committed 9216K, reserved 1114112K
  class space    used 999K, committed 1088K, reserved 1048576K
}
Event: 0.539 GC heap after
{Heap after GC invocations=8 (full 0):
 garbage-first heap   total 10240K, used 4989K [0x0000000082a00000, 0x0000000100000000)
  region size 1024K, 1 young (1024K), 1 survivors (1024K)
 Metaspace       used 8990K, committed 9216K, reserved 1114112K
  class space    used 999K, committed 1088K, reserved 1048576K
}
Event: 0.543 GC heap before
{Heap before GC invocations=8 (full 0):
 garbage-first heap   total 10240K, used 6013K [0x0000000082a00000, 0x0000000100000000)
  region size 1024K, 2 young (2048K), 1 survivors (1024K)
 Metaspace       used 8999K, committed 9216K, reserved 1114112K
  class space    used 1000K, committed 1088K, reserved 1048576K
}
Event: 0.544 GC heap after
{Heap after GC invocations=9 (full 0):
 garbage-first heap   total 15360K, used 5035K [0x0000000082a00000, 0x0000000100000000)
  region size 1024K, 1 young (1024K), 1 survivors (1024K)
 Metaspace       used 8999K, committed 9216K, reserved 1114112K
  class space    used 1000K, committed 1088K, reserved 1048576K
}
Event: 0.581 GC heap before
{Heap before GC invocations=10 (full 0):
 garbage-first heap   total 15360K, used 9131K [0x0000000082a00000, 0x0000000100000000)
  region size 1024K, 5 young (5120K), 1 survivors (1024K)
 Metaspace       used 9086K, committed 9280K, reserved 1114112K
  class space    used 1006K, committed 1088K, reserved 1048576K
}
Event: 0.583 GC heap after
{Heap after GC invocations=11 (full 0):
 garbage-first heap   total 15360K, used 5608K [0x0000000082a00000, 0x0000000100000000)
  region size 1024K, 1 young (1024K), 1 survivors (1024K)
 Metaspace       used 9086K, committed 9280K, reserved 1114112K
  class space    used 1006K, committed 1088K, reserved 1048576K
}
Event: 0.607 GC heap before
{Heap before GC invocations=11 (full 0):
 garbage-first heap   total 15360K, used 10728K [0x0000000082a00000, 0x0000000100000000)
  region size 1024K, 6 young (6144K), 1 survivors (1024K)
 Metaspace       used 9168K, committed 9344K, reserved 1114112K
  class space    used 1017K, committed 1088K, reserved 1048576K
}
Event: 0.612 GC heap after
{Heap after GC invocations=12 (full 0):
 garbage-first heap   total 15360K, used 6182K [0x0000000082a00000, 0x0000000100000000)
  region size 1024K, 1 young (1024K), 1 survivors (1024K)
 Metaspace       used 9168K, committed 9344K, reserved 1114112K
  class space    used 1017K, committed 1088K, reserved 1048576K
}
Event: 0.621 GC heap before
{Heap before GC invocations=12 (full 0):
 garbage-first heap   total 15360K, used 10278K [0x0000000082a00000, 0x0000000100000000)
  region size 1024K, 5 young (5120K), 1 survivors (1024K)
 Metaspace       used 9169K, committed 9344K, reserved 1114112K
  class space    used 1017K, committed 1088K, reserved 1048576K
}
Event: 0.623 GC heap after
{Heap after GC invocations=13 (full 0):
 garbage-first heap   total 15360K, used 6822K [0x0000000082a00000, 0x0000000100000000)
  region size 1024K, 1 young (1024K), 1 survivors (1024K)
 Metaspace       used 9169K, committed 9344K, reserved 1114112K
  class space    used 1017K, committed 1088K, reserved 1048576K
}
Event: 0.647 GC heap before
{Heap before GC invocations=13 (full 0):
 garbage-first heap   total 15360K, used 10918K [0x0000000082a00000, 0x0000000100000000)
  region size 1024K, 5 young (5120K), 1 survivors (1024K)
 Metaspace       used 9230K, committed 9408K, reserved 1114112K
  class space    used 1026K, committed 1088K, reserved 1048576K
}
Event: 0.650 GC heap after
{Heap after GC invocations=14 (full 0):
 garbage-first heap   total 15360K, used 7558K [0x0000000082a00000, 0x0000000100000000)
  region size 1024K, 1 young (1024K), 1 survivors (1024K)
 Metaspace       used 9230K, committed 9408K, reserved 1114112K
  class space    used 1026K, committed 1088K, reserved 1048576K
}
Event: 0.698 GC heap before
{Heap before GC invocations=14 (full 0):
 garbage-first heap   total 15360K, used 11654K [0x0000000082a00000, 0x0000000100000000)
  region size 1024K, 5 young (5120K), 1 survivors (1024K)
 Metaspace       used 9339K, committed 9536K, reserved 1114112K
  class space    used 1031K, committed 1088K, reserved 1048576K
}
Event: 0.701 GC heap after
{Heap after GC invocations=15 (full 0):
 garbage-first heap   total 32768K, used 8640K [0x0000000082a00000, 0x0000000100000000)
  region size 1024K, 1 young (1024K), 1 survivors (1024K)
 Metaspace       used 9339K, committed 9536K, reserved 1114112K
  class space    used 1031K, committed 1088K, reserved 1048576K
}

